<?xml version="1.0" encoding="UTF-8"?>
<!-- Generated by org.testng.reporters.JUnitReportReporter -->
<testsuite hostname="Kartik-MacBook-Pro.local" name="com.noon.mobileapp.FindRightMobileTest" tests="1" failures="0" timestamp="2 Dec 2016 12:38:30 GMT" time="24.971" errors="0">
  <testcase name="findRightMobileTest" time="24.971" classname="com.noon.mobileapp.FindRightMobileTest"/>
</testsuite> <!-- com.noon.mobileapp.FindRightMobileTest -->
